2016-10-30 03:34:30,968 [Worker-1] INFO  c.g.t.t.d.PublishedGradleVersions - Gradle version information cache is up-to-date. Trying to read.
2016-10-30 03:35:09,766 [Thread-7] ERROR org.eclipse.jgit.util.FS - xcode-select: note: no developer tools were found at '/Applications/Xcode.app', requesting install. Choose an option in the dialog to download the command line developer tools.

2016-10-30 03:35:09,819 [Thread-8] ERROR org.eclipse.jgit.util.FS - xcode-select: note: no developer tools were found at '/Applications/Xcode.app', requesting install. Choose an option in the dialog to download the command line developer tools.

2016-10-30 03:35:39,414 [Worker-12] INFO  o.e.m.c.i.l.LifecycleMappingFactory - Using org.eclipse.m2e.jdt.JarLifecycleMapping lifecycle mapping for MavenProject: mongodb:mongodb:0.0.1-SNAPSHOT @ /Users/sherlyntoh/Desktop/MongoDB/master/mongodb/pom.xml.
2016-10-30 03:35:39,853 [Worker-2] WARN  o.e.m.c.i.embedder.EclipseLogger - Using platform encoding (UTF-8 actually) to copy filtered resources, i.e. build is platform dependent!
2016-10-30 03:35:39,854 [Worker-2] INFO  o.e.m.c.i.embedder.EclipseLogger - skip non existing resourceDirectory /Users/sherlyntoh/Desktop/MongoDB/master/mongodb/src/main/resources
2016-10-30 03:35:39,859 [Worker-2] WARN  o.e.m.c.i.embedder.EclipseLogger - Using platform encoding (UTF-8 actually) to copy filtered resources, i.e. build is platform dependent!
2016-10-30 03:35:39,860 [Worker-2] INFO  o.e.m.c.i.embedder.EclipseLogger - skip non existing resourceDirectory /Users/sherlyntoh/Desktop/MongoDB/master/mongodb/src/test/resources
2016-10-30 03:35:39,921 [Worker-12] INFO  o.e.m.j.i.AbstractJavaProjectConfigurator - Adding source folder /mongodb/src
2016-10-30 03:35:39,923 [Worker-12] INFO  o.e.m.j.i.AbstractJavaProjectConfigurator - Not adding source folder /mongodb/src/test/java because it overlaps with /mongodb/src
2016-10-30 03:35:40,022 [Worker-12] INFO  o.e.m.c.i.p.ProjectConfigurationManager - Update started
2016-10-30 03:35:40,516 [Worker-12] INFO  o.e.m.c.i.l.LifecycleMappingFactory - Using org.eclipse.m2e.jdt.JarLifecycleMapping lifecycle mapping for MavenProject: mongodb:mongodb:0.0.1-SNAPSHOT @ /Users/sherlyntoh/Desktop/MongoDB/master/mongodb/pom.xml.
2016-10-30 03:35:40,844 [Worker-12] INFO  o.e.m.j.i.AbstractJavaProjectConfigurator - Adding source folder /mongodb/src
2016-10-30 03:35:40,845 [Worker-12] INFO  o.e.m.j.i.AbstractJavaProjectConfigurator - Not adding source folder /mongodb/src/test/java because it overlaps with /mongodb/src
2016-10-30 03:35:40,888 [Worker-12] INFO  o.e.m.c.i.p.ProjectConfigurationManager - Update completed: 0 sec
2016-10-30 03:35:41,026 [Worker-4] WARN  o.e.m.c.i.embedder.EclipseLogger - Using platform encoding (UTF-8 actually) to copy filtered resources, i.e. build is platform dependent!
2016-10-30 03:35:41,027 [Worker-4] INFO  o.e.m.c.i.embedder.EclipseLogger - skip non existing resourceDirectory /Users/sherlyntoh/Desktop/MongoDB/master/mongodb/src/main/resources
2016-10-30 03:35:41,030 [Worker-4] WARN  o.e.m.c.i.embedder.EclipseLogger - Using platform encoding (UTF-8 actually) to copy filtered resources, i.e. build is platform dependent!
2016-10-30 03:35:41,031 [Worker-4] INFO  o.e.m.c.i.embedder.EclipseLogger - skip non existing resourceDirectory /Users/sherlyntoh/Desktop/MongoDB/master/mongodb/src/test/resources
2016-10-30 03:37:02,152 [Worker-5] INFO  o.e.m.c.i.l.LifecycleMappingFactory - Using org.eclipse.m2e.jdt.JarLifecycleMapping lifecycle mapping for MavenProject: mongodb:mongodb:0.0.1-SNAPSHOT @ /Users/sherlyntoh/Desktop/MongoDB/master/mongodb/pom.xml.
2016-10-30 03:37:05,545 [Worker-5] INFO  o.e.m.c.i.e.AbstractTransferListenerAdapter - Downloading https://repo.maven.apache.org/maven2/org/mongodb/mongodb-driver/3.3.0/mongodb-driver-3.3.0.pom
2016-10-30 03:37:07,112 [Worker-5] INFO  o.e.m.c.i.e.AbstractTransferListenerAdapter - Downloaded https://repo.maven.apache.org/maven2/org/mongodb/mongodb-driver/3.3.0/mongodb-driver-3.3.0.pom
2016-10-30 03:37:09,094 [Worker-5] INFO  o.e.m.c.i.e.AbstractTransferListenerAdapter - Downloading https://repo.maven.apache.org/maven2/org/mongodb/bson/3.3.0/bson-3.3.0.pom
2016-10-30 03:37:09,300 [Worker-5] INFO  o.e.m.c.i.e.AbstractTransferListenerAdapter - Downloaded https://repo.maven.apache.org/maven2/org/mongodb/bson/3.3.0/bson-3.3.0.pom
2016-10-30 03:37:09,745 [Worker-5] INFO  o.e.m.c.i.e.AbstractTransferListenerAdapter - Downloading https://repo.maven.apache.org/maven2/org/mongodb/mongodb-driver-core/3.3.0/mongodb-driver-core-3.3.0.pom
2016-10-30 03:37:09,948 [Worker-5] INFO  o.e.m.c.i.e.AbstractTransferListenerAdapter - Downloaded https://repo.maven.apache.org/maven2/org/mongodb/mongodb-driver-core/3.3.0/mongodb-driver-core-3.3.0.pom
2016-10-30 03:37:10,142 [Worker-5] INFO  o.e.m.c.i.e.AbstractTransferListenerAdapter - Downloading https://repo.maven.apache.org/maven2/org/mongodb/mongodb-driver/3.3.0/mongodb-driver-3.3.0.jar
2016-10-30 03:37:24,220 [Worker-5] INFO  o.e.m.c.i.e.AbstractTransferListenerAdapter - Downloaded https://repo.maven.apache.org/maven2/org/mongodb/mongodb-driver/3.3.0/mongodb-driver-3.3.0.jar
2016-10-30 03:37:24,411 [Worker-5] INFO  o.e.m.c.i.e.AbstractTransferListenerAdapter - Downloading https://repo.maven.apache.org/maven2/org/mongodb/bson/3.3.0/bson-3.3.0.jar
2016-10-30 03:37:35,761 [Worker-5] INFO  o.e.m.c.i.e.AbstractTransferListenerAdapter - Downloaded https://repo.maven.apache.org/maven2/org/mongodb/bson/3.3.0/bson-3.3.0.jar
2016-10-30 03:37:35,948 [Worker-5] INFO  o.e.m.c.i.e.AbstractTransferListenerAdapter - Downloading https://repo.maven.apache.org/maven2/org/mongodb/mongodb-driver-core/3.3.0/mongodb-driver-core-3.3.0.jar
2016-10-30 03:38:11,379 [Worker-5] INFO  o.e.m.c.i.e.AbstractTransferListenerAdapter - Downloaded https://repo.maven.apache.org/maven2/org/mongodb/mongodb-driver-core/3.3.0/mongodb-driver-core-3.3.0.jar
2016-10-30 03:38:11,767 [Worker-5] WARN  o.e.m.c.i.embedder.EclipseLogger - Using platform encoding (UTF-8 actually) to copy filtered resources, i.e. build is platform dependent!
2016-10-30 03:38:11,778 [Worker-5] INFO  o.e.m.c.i.embedder.EclipseLogger - skip non existing resourceDirectory /Users/sherlyntoh/Desktop/MongoDB/master/mongodb/src/main/resources
2016-10-30 03:38:11,781 [Worker-5] WARN  o.e.m.c.i.embedder.EclipseLogger - Using platform encoding (UTF-8 actually) to copy filtered resources, i.e. build is platform dependent!
2016-10-30 03:38:11,782 [Worker-5] INFO  o.e.m.c.i.embedder.EclipseLogger - skip non existing resourceDirectory /Users/sherlyntoh/Desktop/MongoDB/master/mongodb/src/test/resources
2016-10-30 03:38:54,957 [Worker-0] INFO  o.e.m.c.i.l.LifecycleMappingFactory - Using org.eclipse.m2e.jdt.JarLifecycleMapping lifecycle mapping for MavenProject: project:project:0.0.1-SNAPSHOT @ /Users/sherlyntoh/Desktop/CS4224 - Integrated Database/Project/Cassandra/Cassandra/Master/project/pom.xml.
2016-10-30 03:38:56,479 [Worker-10] WARN  o.e.m.c.i.embedder.EclipseLogger - Using platform encoding (UTF-8 actually) to copy filtered resources, i.e. build is platform dependent!
2016-10-30 03:38:56,480 [Worker-10] INFO  o.e.m.c.i.embedder.EclipseLogger - skip non existing resourceDirectory /Users/sherlyntoh/Desktop/CS4224 - Integrated Database/Project/Cassandra/Cassandra/Master/project/src/main/resources
2016-10-30 03:38:56,482 [Worker-10] WARN  o.e.m.c.i.embedder.EclipseLogger - Using platform encoding (UTF-8 actually) to copy filtered resources, i.e. build is platform dependent!
2016-10-30 03:38:56,483 [Worker-10] INFO  o.e.m.c.i.embedder.EclipseLogger - skip non existing resourceDirectory /Users/sherlyntoh/Desktop/CS4224 - Integrated Database/Project/Cassandra/Cassandra/Master/project/src/test/resources
2016-10-30 03:42:37,464 [Worker-4] WARN  o.e.m.c.i.embedder.EclipseLogger - Using platform encoding (UTF-8 actually) to copy filtered resources, i.e. build is platform dependent!
2016-10-30 03:42:37,467 [Worker-4] INFO  o.e.m.c.i.embedder.EclipseLogger - skip non existing resourceDirectory /Users/sherlyntoh/Desktop/MongoDB/master/mongodb/src/main/resources
2016-10-30 03:42:37,469 [Worker-4] WARN  o.e.m.c.i.embedder.EclipseLogger - Using platform encoding (UTF-8 actually) to copy filtered resources, i.e. build is platform dependent!
2016-10-30 03:42:37,470 [Worker-4] INFO  o.e.m.c.i.embedder.EclipseLogger - skip non existing resourceDirectory /Users/sherlyntoh/Desktop/MongoDB/master/mongodb/src/test/resources
2016-10-30 03:44:02,455 [Worker-14] WARN  o.e.m.c.i.embedder.EclipseLogger - Using platform encoding (UTF-8 actually) to copy filtered resources, i.e. build is platform dependent!
2016-10-30 03:44:02,457 [Worker-14] INFO  o.e.m.c.i.embedder.EclipseLogger - skip non existing resourceDirectory /Users/sherlyntoh/Desktop/MongoDB/master/mongodb/src/main/resources
2016-10-30 03:44:02,458 [Worker-14] WARN  o.e.m.c.i.embedder.EclipseLogger - Using platform encoding (UTF-8 actually) to copy filtered resources, i.e. build is platform dependent!
2016-10-30 03:44:02,466 [Worker-14] INFO  o.e.m.c.i.embedder.EclipseLogger - skip non existing resourceDirectory /Users/sherlyntoh/Desktop/MongoDB/master/mongodb/src/test/resources
2016-10-30 03:44:14,375 [Worker-4] WARN  o.e.m.c.i.embedder.EclipseLogger - Using platform encoding (UTF-8 actually) to copy filtered resources, i.e. build is platform dependent!
2016-10-30 03:44:14,376 [Worker-4] INFO  o.e.m.c.i.embedder.EclipseLogger - skip non existing resourceDirectory /Users/sherlyntoh/Desktop/MongoDB/master/mongodb/src/main/resources
2016-10-30 03:44:14,377 [Worker-4] WARN  o.e.m.c.i.embedder.EclipseLogger - Using platform encoding (UTF-8 actually) to copy filtered resources, i.e. build is platform dependent!
2016-10-30 03:44:14,378 [Worker-4] INFO  o.e.m.c.i.embedder.EclipseLogger - skip non existing resourceDirectory /Users/sherlyntoh/Desktop/MongoDB/master/mongodb/src/test/resources
2016-10-30 03:44:22,192 [Worker-16] WARN  o.e.m.c.i.embedder.EclipseLogger - Using platform encoding (UTF-8 actually) to copy filtered resources, i.e. build is platform dependent!
2016-10-30 03:44:22,194 [Worker-16] INFO  o.e.m.c.i.embedder.EclipseLogger - skip non existing resourceDirectory /Users/sherlyntoh/Desktop/MongoDB/master/mongodb/src/main/resources
2016-10-30 03:44:22,200 [Worker-16] WARN  o.e.m.c.i.embedder.EclipseLogger - Using platform encoding (UTF-8 actually) to copy filtered resources, i.e. build is platform dependent!
2016-10-30 03:44:22,201 [Worker-16] INFO  o.e.m.c.i.embedder.EclipseLogger - skip non existing resourceDirectory /Users/sherlyntoh/Desktop/MongoDB/master/mongodb/src/test/resources
2016-10-30 04:36:33,264 [Worker-28] WARN  o.e.m.c.i.embedder.EclipseLogger - Using platform encoding (UTF-8 actually) to copy filtered resources, i.e. build is platform dependent!
2016-10-30 04:36:33,269 [Worker-28] INFO  o.e.m.c.i.embedder.EclipseLogger - skip non existing resourceDirectory /Users/sherlyntoh/Desktop/MongoDB/master/mongodb/src/main/resources
2016-10-30 04:36:33,270 [Worker-28] WARN  o.e.m.c.i.embedder.EclipseLogger - Using platform encoding (UTF-8 actually) to copy filtered resources, i.e. build is platform dependent!
2016-10-30 04:36:33,271 [Worker-28] INFO  o.e.m.c.i.embedder.EclipseLogger - skip non existing resourceDirectory /Users/sherlyntoh/Desktop/MongoDB/master/mongodb/src/test/resources
2016-10-30 04:39:03,362 [Worker-24] WARN  o.e.m.c.i.embedder.EclipseLogger - Using platform encoding (UTF-8 actually) to copy filtered resources, i.e. build is platform dependent!
2016-10-30 04:39:03,363 [Worker-24] INFO  o.e.m.c.i.embedder.EclipseLogger - skip non existing resourceDirectory /Users/sherlyntoh/Desktop/MongoDB/master/mongodb/src/main/resources
2016-10-30 04:39:03,366 [Worker-24] WARN  o.e.m.c.i.embedder.EclipseLogger - Using platform encoding (UTF-8 actually) to copy filtered resources, i.e. build is platform dependent!
2016-10-30 04:39:03,367 [Worker-24] INFO  o.e.m.c.i.embedder.EclipseLogger - skip non existing resourceDirectory /Users/sherlyntoh/Desktop/MongoDB/master/mongodb/src/test/resources
2016-10-30 04:39:06,686 [Worker-30] WARN  o.e.m.c.i.embedder.EclipseLogger - Using platform encoding (UTF-8 actually) to copy filtered resources, i.e. build is platform dependent!
2016-10-30 04:39:06,687 [Worker-30] INFO  o.e.m.c.i.embedder.EclipseLogger - skip non existing resourceDirectory /Users/sherlyntoh/Desktop/MongoDB/master/mongodb/src/main/resources
2016-10-30 04:39:06,689 [Worker-30] WARN  o.e.m.c.i.embedder.EclipseLogger - Using platform encoding (UTF-8 actually) to copy filtered resources, i.e. build is platform dependent!
2016-10-30 04:39:06,690 [Worker-30] INFO  o.e.m.c.i.embedder.EclipseLogger - skip non existing resourceDirectory /Users/sherlyntoh/Desktop/MongoDB/master/mongodb/src/test/resources
2016-10-30 04:40:47,895 [Worker-30] WARN  o.e.m.c.i.embedder.EclipseLogger - Using platform encoding (UTF-8 actually) to copy filtered resources, i.e. build is platform dependent!
2016-10-30 04:40:47,897 [Worker-30] INFO  o.e.m.c.i.embedder.EclipseLogger - skip non existing resourceDirectory /Users/sherlyntoh/Desktop/MongoDB/master/mongodb/src/main/resources
2016-10-30 04:40:47,898 [Worker-30] WARN  o.e.m.c.i.embedder.EclipseLogger - Using platform encoding (UTF-8 actually) to copy filtered resources, i.e. build is platform dependent!
2016-10-30 04:40:47,899 [Worker-30] INFO  o.e.m.c.i.embedder.EclipseLogger - skip non existing resourceDirectory /Users/sherlyntoh/Desktop/MongoDB/master/mongodb/src/test/resources
2016-10-30 04:42:50,571 [Worker-30] WARN  o.e.m.c.i.embedder.EclipseLogger - Using platform encoding (UTF-8 actually) to copy filtered resources, i.e. build is platform dependent!
2016-10-30 04:42:50,573 [Worker-30] INFO  o.e.m.c.i.embedder.EclipseLogger - skip non existing resourceDirectory /Users/sherlyntoh/Desktop/MongoDB/master/mongodb/src/main/resources
2016-10-30 04:42:50,575 [Worker-30] WARN  o.e.m.c.i.embedder.EclipseLogger - Using platform encoding (UTF-8 actually) to copy filtered resources, i.e. build is platform dependent!
2016-10-30 04:42:50,576 [Worker-30] INFO  o.e.m.c.i.embedder.EclipseLogger - skip non existing resourceDirectory /Users/sherlyntoh/Desktop/MongoDB/master/mongodb/src/test/resources
2016-10-30 04:44:59,949 [Worker-29] WARN  o.e.m.c.i.embedder.EclipseLogger - Using platform encoding (UTF-8 actually) to copy filtered resources, i.e. build is platform dependent!
2016-10-30 04:44:59,950 [Worker-29] INFO  o.e.m.c.i.embedder.EclipseLogger - skip non existing resourceDirectory /Users/sherlyntoh/Desktop/MongoDB/master/mongodb/src/main/resources
2016-10-30 04:44:59,953 [Worker-29] WARN  o.e.m.c.i.embedder.EclipseLogger - Using platform encoding (UTF-8 actually) to copy filtered resources, i.e. build is platform dependent!
2016-10-30 04:44:59,953 [Worker-29] INFO  o.e.m.c.i.embedder.EclipseLogger - skip non existing resourceDirectory /Users/sherlyntoh/Desktop/MongoDB/master/mongodb/src/test/resources
2016-10-30 04:45:15,757 [Worker-24] WARN  o.e.m.c.i.embedder.EclipseLogger - Using platform encoding (UTF-8 actually) to copy filtered resources, i.e. build is platform dependent!
2016-10-30 04:45:15,757 [Worker-24] INFO  o.e.m.c.i.embedder.EclipseLogger - skip non existing resourceDirectory /Users/sherlyntoh/Desktop/MongoDB/master/mongodb/src/main/resources
2016-10-30 04:45:15,759 [Worker-24] WARN  o.e.m.c.i.embedder.EclipseLogger - Using platform encoding (UTF-8 actually) to copy filtered resources, i.e. build is platform dependent!
2016-10-30 04:45:15,760 [Worker-24] INFO  o.e.m.c.i.embedder.EclipseLogger - skip non existing resourceDirectory /Users/sherlyntoh/Desktop/MongoDB/master/mongodb/src/test/resources
2016-10-30 04:47:03,519 [Worker-27] WARN  o.e.m.c.i.embedder.EclipseLogger - Using platform encoding (UTF-8 actually) to copy filtered resources, i.e. build is platform dependent!
2016-10-30 04:47:03,520 [Worker-27] INFO  o.e.m.c.i.embedder.EclipseLogger - skip non existing resourceDirectory /Users/sherlyntoh/Desktop/MongoDB/master/mongodb/src/main/resources
2016-10-30 04:47:03,522 [Worker-27] WARN  o.e.m.c.i.embedder.EclipseLogger - Using platform encoding (UTF-8 actually) to copy filtered resources, i.e. build is platform dependent!
2016-10-30 04:47:03,523 [Worker-27] INFO  o.e.m.c.i.embedder.EclipseLogger - skip non existing resourceDirectory /Users/sherlyntoh/Desktop/MongoDB/master/mongodb/src/test/resources
2016-10-30 04:50:08,268 [Worker-24] WARN  o.e.m.c.i.embedder.EclipseLogger - Using platform encoding (UTF-8 actually) to copy filtered resources, i.e. build is platform dependent!
2016-10-30 04:50:08,269 [Worker-24] INFO  o.e.m.c.i.embedder.EclipseLogger - skip non existing resourceDirectory /Users/sherlyntoh/Desktop/MongoDB/master/mongodb/src/main/resources
2016-10-30 04:50:08,270 [Worker-24] WARN  o.e.m.c.i.embedder.EclipseLogger - Using platform encoding (UTF-8 actually) to copy filtered resources, i.e. build is platform dependent!
2016-10-30 04:50:08,271 [Worker-24] INFO  o.e.m.c.i.embedder.EclipseLogger - skip non existing resourceDirectory /Users/sherlyntoh/Desktop/MongoDB/master/mongodb/src/test/resources
2016-10-30 04:50:40,608 [Worker-29] WARN  o.e.m.c.i.embedder.EclipseLogger - Using platform encoding (UTF-8 actually) to copy filtered resources, i.e. build is platform dependent!
2016-10-30 04:50:40,609 [Worker-29] INFO  o.e.m.c.i.embedder.EclipseLogger - skip non existing resourceDirectory /Users/sherlyntoh/Desktop/MongoDB/master/mongodb/src/main/resources
2016-10-30 04:50:40,612 [Worker-29] WARN  o.e.m.c.i.embedder.EclipseLogger - Using platform encoding (UTF-8 actually) to copy filtered resources, i.e. build is platform dependent!
2016-10-30 04:50:40,614 [Worker-29] INFO  o.e.m.c.i.embedder.EclipseLogger - skip non existing resourceDirectory /Users/sherlyntoh/Desktop/MongoDB/master/mongodb/src/test/resources
2016-10-30 04:51:42,128 [Worker-21] WARN  o.e.m.c.i.embedder.EclipseLogger - Using platform encoding (UTF-8 actually) to copy filtered resources, i.e. build is platform dependent!
2016-10-30 04:51:42,131 [Worker-21] INFO  o.e.m.c.i.embedder.EclipseLogger - skip non existing resourceDirectory /Users/sherlyntoh/Desktop/MongoDB/master/mongodb/src/main/resources
2016-10-30 04:51:42,132 [Worker-21] WARN  o.e.m.c.i.embedder.EclipseLogger - Using platform encoding (UTF-8 actually) to copy filtered resources, i.e. build is platform dependent!
2016-10-30 04:51:42,133 [Worker-21] INFO  o.e.m.c.i.embedder.EclipseLogger - skip non existing resourceDirectory /Users/sherlyntoh/Desktop/MongoDB/master/mongodb/src/test/resources
2016-10-30 04:52:07,895 [Worker-29] WARN  o.e.m.c.i.embedder.EclipseLogger - Using platform encoding (UTF-8 actually) to copy filtered resources, i.e. build is platform dependent!
2016-10-30 04:52:07,896 [Worker-29] INFO  o.e.m.c.i.embedder.EclipseLogger - skip non existing resourceDirectory /Users/sherlyntoh/Desktop/MongoDB/master/mongodb/src/main/resources
2016-10-30 04:52:07,897 [Worker-29] WARN  o.e.m.c.i.embedder.EclipseLogger - Using platform encoding (UTF-8 actually) to copy filtered resources, i.e. build is platform dependent!
2016-10-30 04:52:07,898 [Worker-29] INFO  o.e.m.c.i.embedder.EclipseLogger - skip non existing resourceDirectory /Users/sherlyntoh/Desktop/MongoDB/master/mongodb/src/test/resources
2016-10-30 04:52:51,158 [Worker-27] WARN  o.e.m.c.i.embedder.EclipseLogger - Using platform encoding (UTF-8 actually) to copy filtered resources, i.e. build is platform dependent!
2016-10-30 04:52:51,160 [Worker-27] INFO  o.e.m.c.i.embedder.EclipseLogger - skip non existing resourceDirectory /Users/sherlyntoh/Desktop/MongoDB/master/mongodb/src/main/resources
2016-10-30 04:52:51,162 [Worker-27] WARN  o.e.m.c.i.embedder.EclipseLogger - Using platform encoding (UTF-8 actually) to copy filtered resources, i.e. build is platform dependent!
2016-10-30 04:52:51,163 [Worker-27] INFO  o.e.m.c.i.embedder.EclipseLogger - skip non existing resourceDirectory /Users/sherlyntoh/Desktop/MongoDB/master/mongodb/src/test/resources
2016-10-30 04:52:54,303 [Worker-30] WARN  o.e.m.c.i.embedder.EclipseLogger - Using platform encoding (UTF-8 actually) to copy filtered resources, i.e. build is platform dependent!
2016-10-30 04:52:54,304 [Worker-30] INFO  o.e.m.c.i.embedder.EclipseLogger - skip non existing resourceDirectory /Users/sherlyntoh/Desktop/MongoDB/master/mongodb/src/main/resources
2016-10-30 04:52:54,305 [Worker-30] WARN  o.e.m.c.i.embedder.EclipseLogger - Using platform encoding (UTF-8 actually) to copy filtered resources, i.e. build is platform dependent!
2016-10-30 04:52:54,306 [Worker-30] INFO  o.e.m.c.i.embedder.EclipseLogger - skip non existing resourceDirectory /Users/sherlyntoh/Desktop/MongoDB/master/mongodb/src/test/resources
2016-10-30 04:53:46,439 [Worker-29] WARN  o.e.m.c.i.embedder.EclipseLogger - Using platform encoding (UTF-8 actually) to copy filtered resources, i.e. build is platform dependent!
2016-10-30 04:53:46,440 [Worker-29] INFO  o.e.m.c.i.embedder.EclipseLogger - skip non existing resourceDirectory /Users/sherlyntoh/Desktop/MongoDB/master/mongodb/src/main/resources
2016-10-30 04:53:46,441 [Worker-29] WARN  o.e.m.c.i.embedder.EclipseLogger - Using platform encoding (UTF-8 actually) to copy filtered resources, i.e. build is platform dependent!
2016-10-30 04:53:46,442 [Worker-29] INFO  o.e.m.c.i.embedder.EclipseLogger - skip non existing resourceDirectory /Users/sherlyntoh/Desktop/MongoDB/master/mongodb/src/test/resources
2016-10-30 04:54:44,140 [Worker-28] WARN  o.e.m.c.i.embedder.EclipseLogger - Using platform encoding (UTF-8 actually) to copy filtered resources, i.e. build is platform dependent!
2016-10-30 04:54:44,141 [Worker-28] INFO  o.e.m.c.i.embedder.EclipseLogger - skip non existing resourceDirectory /Users/sherlyntoh/Desktop/MongoDB/master/mongodb/src/main/resources
2016-10-30 04:54:44,142 [Worker-28] WARN  o.e.m.c.i.embedder.EclipseLogger - Using platform encoding (UTF-8 actually) to copy filtered resources, i.e. build is platform dependent!
2016-10-30 04:54:44,143 [Worker-28] INFO  o.e.m.c.i.embedder.EclipseLogger - skip non existing resourceDirectory /Users/sherlyntoh/Desktop/MongoDB/master/mongodb/src/test/resources
2016-10-30 04:55:16,270 [Worker-21] WARN  o.e.m.c.i.embedder.EclipseLogger - Using platform encoding (UTF-8 actually) to copy filtered resources, i.e. build is platform dependent!
2016-10-30 04:55:16,271 [Worker-21] INFO  o.e.m.c.i.embedder.EclipseLogger - skip non existing resourceDirectory /Users/sherlyntoh/Desktop/MongoDB/master/mongodb/src/main/resources
2016-10-30 04:55:16,272 [Worker-21] WARN  o.e.m.c.i.embedder.EclipseLogger - Using platform encoding (UTF-8 actually) to copy filtered resources, i.e. build is platform dependent!
2016-10-30 04:55:16,273 [Worker-21] INFO  o.e.m.c.i.embedder.EclipseLogger - skip non existing resourceDirectory /Users/sherlyntoh/Desktop/MongoDB/master/mongodb/src/test/resources
2016-10-30 04:56:01,039 [Worker-21] WARN  o.e.m.c.i.embedder.EclipseLogger - Using platform encoding (UTF-8 actually) to copy filtered resources, i.e. build is platform dependent!
2016-10-30 04:56:01,040 [Worker-21] INFO  o.e.m.c.i.embedder.EclipseLogger - skip non existing resourceDirectory /Users/sherlyntoh/Desktop/MongoDB/master/mongodb/src/main/resources
2016-10-30 04:56:01,041 [Worker-21] WARN  o.e.m.c.i.embedder.EclipseLogger - Using platform encoding (UTF-8 actually) to copy filtered resources, i.e. build is platform dependent!
2016-10-30 04:56:01,044 [Worker-21] INFO  o.e.m.c.i.embedder.EclipseLogger - skip non existing resourceDirectory /Users/sherlyntoh/Desktop/MongoDB/master/mongodb/src/test/resources
2016-10-30 23:02:38,120 [Worker-3] INFO  c.g.t.t.d.PublishedGradleVersions - Gradle version information cache is up-to-date. Trying to read.
2016-10-30 23:02:40,164 [Thread-8] ERROR org.eclipse.jgit.util.FS - xcode-select: note: no developer tools were found at '/Applications/Xcode.app', requesting install. Choose an option in the dialog to download the command line developer tools.

2016-10-30 23:02:40,244 [Thread-9] ERROR org.eclipse.jgit.util.FS - xcode-select: note: no developer tools were found at '/Applications/Xcode.app', requesting install. Choose an option in the dialog to download the command line developer tools.

2016-10-30 23:05:20,512 [Worker-4] WARN  o.e.m.c.i.embedder.EclipseLogger - Using platform encoding (UTF-8 actually) to copy filtered resources, i.e. build is platform dependent!
2016-10-30 23:05:20,514 [Worker-4] INFO  o.e.m.c.i.embedder.EclipseLogger - skip non existing resourceDirectory /Users/sherlyntoh/Desktop/MongoDB/master/mongodb/src/main/resources
2016-10-30 23:05:20,518 [Worker-4] WARN  o.e.m.c.i.embedder.EclipseLogger - Using platform encoding (UTF-8 actually) to copy filtered resources, i.e. build is platform dependent!
2016-10-30 23:05:20,519 [Worker-4] INFO  o.e.m.c.i.embedder.EclipseLogger - skip non existing resourceDirectory /Users/sherlyntoh/Desktop/MongoDB/master/mongodb/src/test/resources
2016-10-30 23:07:57,334 [Worker-1] WARN  o.e.m.c.i.embedder.EclipseLogger - Using platform encoding (UTF-8 actually) to copy filtered resources, i.e. build is platform dependent!
2016-10-30 23:07:57,335 [Worker-1] INFO  o.e.m.c.i.embedder.EclipseLogger - skip non existing resourceDirectory /Users/sherlyntoh/Desktop/MongoDB/master/mongodb/src/main/resources
2016-10-30 23:07:57,337 [Worker-1] WARN  o.e.m.c.i.embedder.EclipseLogger - Using platform encoding (UTF-8 actually) to copy filtered resources, i.e. build is platform dependent!
2016-10-30 23:07:57,338 [Worker-1] INFO  o.e.m.c.i.embedder.EclipseLogger - skip non existing resourceDirectory /Users/sherlyntoh/Desktop/MongoDB/master/mongodb/src/test/resources
2016-10-30 23:08:28,875 [Worker-1] WARN  o.e.m.c.i.embedder.EclipseLogger - Using platform encoding (UTF-8 actually) to copy filtered resources, i.e. build is platform dependent!
2016-10-30 23:08:28,875 [Worker-1] INFO  o.e.m.c.i.embedder.EclipseLogger - skip non existing resourceDirectory /Users/sherlyntoh/Desktop/MongoDB/master/mongodb/src/main/resources
2016-10-30 23:08:28,878 [Worker-1] WARN  o.e.m.c.i.embedder.EclipseLogger - Using platform encoding (UTF-8 actually) to copy filtered resources, i.e. build is platform dependent!
2016-10-30 23:08:28,878 [Worker-1] INFO  o.e.m.c.i.embedder.EclipseLogger - skip non existing resourceDirectory /Users/sherlyntoh/Desktop/MongoDB/master/mongodb/src/test/resources
2016-10-30 23:10:09,778 [Worker-3] WARN  o.e.m.c.i.embedder.EclipseLogger - Using platform encoding (UTF-8 actually) to copy filtered resources, i.e. build is platform dependent!
2016-10-30 23:10:09,779 [Worker-3] INFO  o.e.m.c.i.embedder.EclipseLogger - skip non existing resourceDirectory /Users/sherlyntoh/Desktop/MongoDB/master/mongodb/src/main/resources
2016-10-30 23:10:09,781 [Worker-3] WARN  o.e.m.c.i.embedder.EclipseLogger - Using platform encoding (UTF-8 actually) to copy filtered resources, i.e. build is platform dependent!
2016-10-30 23:10:09,782 [Worker-3] INFO  o.e.m.c.i.embedder.EclipseLogger - skip non existing resourceDirectory /Users/sherlyntoh/Desktop/MongoDB/master/mongodb/src/test/resources
2016-10-30 23:10:54,579 [Worker-2] WARN  o.e.m.c.i.embedder.EclipseLogger - Using platform encoding (UTF-8 actually) to copy filtered resources, i.e. build is platform dependent!
2016-10-30 23:10:54,581 [Worker-2] INFO  o.e.m.c.i.embedder.EclipseLogger - skip non existing resourceDirectory /Users/sherlyntoh/Desktop/MongoDB/master/mongodb/src/main/resources
2016-10-30 23:10:54,583 [Worker-2] WARN  o.e.m.c.i.embedder.EclipseLogger - Using platform encoding (UTF-8 actually) to copy filtered resources, i.e. build is platform dependent!
2016-10-30 23:10:54,584 [Worker-2] INFO  o.e.m.c.i.embedder.EclipseLogger - skip non existing resourceDirectory /Users/sherlyntoh/Desktop/MongoDB/master/mongodb/src/test/resources
2016-10-30 23:11:00,032 [Worker-12] WARN  o.e.m.c.i.embedder.EclipseLogger - Using platform encoding (UTF-8 actually) to copy filtered resources, i.e. build is platform dependent!
2016-10-30 23:11:00,033 [Worker-12] INFO  o.e.m.c.i.embedder.EclipseLogger - skip non existing resourceDirectory /Users/sherlyntoh/Desktop/CS4224 - Integrated Database/Project/Cassandra/Cassandra/Master/project/src/main/resources
2016-10-30 23:11:00,036 [Worker-12] WARN  o.e.m.c.i.embedder.EclipseLogger - Using platform encoding (UTF-8 actually) to copy filtered resources, i.e. build is platform dependent!
2016-10-30 23:11:00,040 [Worker-12] INFO  o.e.m.c.i.embedder.EclipseLogger - skip non existing resourceDirectory /Users/sherlyntoh/Desktop/CS4224 - Integrated Database/Project/Cassandra/Cassandra/Master/project/src/test/resources
2016-10-30 23:11:01,066 [Worker-2] WARN  o.e.m.c.i.embedder.EclipseLogger - Using platform encoding (UTF-8 actually) to copy filtered resources, i.e. build is platform dependent!
2016-10-30 23:11:01,067 [Worker-2] INFO  o.e.m.c.i.embedder.EclipseLogger - skip non existing resourceDirectory /Users/sherlyntoh/Desktop/CS4224 - Integrated Database/Project/Cassandra/Cassandra/Master/project/src/main/resources
2016-10-30 23:11:01,069 [Worker-2] WARN  o.e.m.c.i.embedder.EclipseLogger - Using platform encoding (UTF-8 actually) to copy filtered resources, i.e. build is platform dependent!
2016-10-30 23:11:01,070 [Worker-2] INFO  o.e.m.c.i.embedder.EclipseLogger - skip non existing resourceDirectory /Users/sherlyntoh/Desktop/CS4224 - Integrated Database/Project/Cassandra/Cassandra/Master/project/src/test/resources
2016-10-30 23:15:53,649 [Worker-4] WARN  o.e.m.c.i.embedder.EclipseLogger - Using platform encoding (UTF-8 actually) to copy filtered resources, i.e. build is platform dependent!
2016-10-30 23:15:53,651 [Worker-4] INFO  o.e.m.c.i.embedder.EclipseLogger - skip non existing resourceDirectory /Users/sherlyntoh/Desktop/MongoDB/master/mongodb/src/main/resources
2016-10-30 23:15:53,656 [Worker-4] WARN  o.e.m.c.i.embedder.EclipseLogger - Using platform encoding (UTF-8 actually) to copy filtered resources, i.e. build is platform dependent!
2016-10-30 23:15:53,657 [Worker-4] INFO  o.e.m.c.i.embedder.EclipseLogger - skip non existing resourceDirectory /Users/sherlyntoh/Desktop/MongoDB/master/mongodb/src/test/resources
2016-10-30 23:18:44,153 [Worker-4] WARN  o.e.m.c.i.embedder.EclipseLogger - Using platform encoding (UTF-8 actually) to copy filtered resources, i.e. build is platform dependent!
2016-10-30 23:18:44,164 [Worker-4] INFO  o.e.m.c.i.embedder.EclipseLogger - skip non existing resourceDirectory /Users/sherlyntoh/Desktop/MongoDB/master/mongodb/src/main/resources
2016-10-30 23:18:44,168 [Worker-4] WARN  o.e.m.c.i.embedder.EclipseLogger - Using platform encoding (UTF-8 actually) to copy filtered resources, i.e. build is platform dependent!
2016-10-30 23:18:44,171 [Worker-4] INFO  o.e.m.c.i.embedder.EclipseLogger - skip non existing resourceDirectory /Users/sherlyntoh/Desktop/MongoDB/master/mongodb/src/test/resources
2016-10-30 23:23:13,949 [Worker-12] WARN  o.e.m.c.i.embedder.EclipseLogger - Using platform encoding (UTF-8 actually) to copy filtered resources, i.e. build is platform dependent!
2016-10-30 23:23:13,960 [Worker-12] INFO  o.e.m.c.i.embedder.EclipseLogger - skip non existing resourceDirectory /Users/sherlyntoh/Desktop/MongoDB/master/mongodb/src/main/resources
2016-10-30 23:23:13,961 [Worker-12] WARN  o.e.m.c.i.embedder.EclipseLogger - Using platform encoding (UTF-8 actually) to copy filtered resources, i.e. build is platform dependent!
2016-10-30 23:23:13,962 [Worker-12] INFO  o.e.m.c.i.embedder.EclipseLogger - skip non existing resourceDirectory /Users/sherlyntoh/Desktop/MongoDB/master/mongodb/src/test/resources
2016-10-30 23:27:21,487 [Worker-11] WARN  o.e.m.c.i.embedder.EclipseLogger - Using platform encoding (UTF-8 actually) to copy filtered resources, i.e. build is platform dependent!
2016-10-30 23:27:21,489 [Worker-11] INFO  o.e.m.c.i.embedder.EclipseLogger - skip non existing resourceDirectory /Users/sherlyntoh/Desktop/MongoDB/master/mongodb/src/main/resources
2016-10-30 23:27:21,491 [Worker-11] WARN  o.e.m.c.i.embedder.EclipseLogger - Using platform encoding (UTF-8 actually) to copy filtered resources, i.e. build is platform dependent!
2016-10-30 23:27:21,492 [Worker-11] INFO  o.e.m.c.i.embedder.EclipseLogger - skip non existing resourceDirectory /Users/sherlyntoh/Desktop/MongoDB/master/mongodb/src/test/resources
2016-10-30 23:27:48,346 [Worker-15] WARN  o.e.m.c.i.embedder.EclipseLogger - Using platform encoding (UTF-8 actually) to copy filtered resources, i.e. build is platform dependent!
2016-10-30 23:27:48,347 [Worker-15] INFO  o.e.m.c.i.embedder.EclipseLogger - skip non existing resourceDirectory /Users/sherlyntoh/Desktop/MongoDB/master/mongodb/src/main/resources
2016-10-30 23:27:48,348 [Worker-15] WARN  o.e.m.c.i.embedder.EclipseLogger - Using platform encoding (UTF-8 actually) to copy filtered resources, i.e. build is platform dependent!
2016-10-30 23:27:48,349 [Worker-15] INFO  o.e.m.c.i.embedder.EclipseLogger - skip non existing resourceDirectory /Users/sherlyntoh/Desktop/MongoDB/master/mongodb/src/test/resources
2016-10-30 23:28:11,354 [Worker-12] WARN  o.e.m.c.i.embedder.EclipseLogger - Using platform encoding (UTF-8 actually) to copy filtered resources, i.e. build is platform dependent!
2016-10-30 23:28:11,355 [Worker-12] INFO  o.e.m.c.i.embedder.EclipseLogger - skip non existing resourceDirectory /Users/sherlyntoh/Desktop/MongoDB/master/mongodb/src/main/resources
2016-10-30 23:28:11,357 [Worker-12] WARN  o.e.m.c.i.embedder.EclipseLogger - Using platform encoding (UTF-8 actually) to copy filtered resources, i.e. build is platform dependent!
2016-10-30 23:28:11,358 [Worker-12] INFO  o.e.m.c.i.embedder.EclipseLogger - skip non existing resourceDirectory /Users/sherlyntoh/Desktop/MongoDB/master/mongodb/src/test/resources
2016-10-30 23:28:34,741 [Worker-17] WARN  o.e.m.c.i.embedder.EclipseLogger - Using platform encoding (UTF-8 actually) to copy filtered resources, i.e. build is platform dependent!
2016-10-30 23:28:34,742 [Worker-17] INFO  o.e.m.c.i.embedder.EclipseLogger - skip non existing resourceDirectory /Users/sherlyntoh/Desktop/MongoDB/master/mongodb/src/main/resources
2016-10-30 23:28:34,746 [Worker-17] WARN  o.e.m.c.i.embedder.EclipseLogger - Using platform encoding (UTF-8 actually) to copy filtered resources, i.e. build is platform dependent!
2016-10-30 23:28:34,746 [Worker-17] INFO  o.e.m.c.i.embedder.EclipseLogger - skip non existing resourceDirectory /Users/sherlyntoh/Desktop/MongoDB/master/mongodb/src/test/resources
2016-10-30 23:30:05,400 [Worker-16] WARN  o.e.m.c.i.embedder.EclipseLogger - Using platform encoding (UTF-8 actually) to copy filtered resources, i.e. build is platform dependent!
2016-10-30 23:30:05,401 [Worker-16] INFO  o.e.m.c.i.embedder.EclipseLogger - skip non existing resourceDirectory /Users/sherlyntoh/Desktop/MongoDB/master/mongodb/src/main/resources
2016-10-30 23:30:05,403 [Worker-16] WARN  o.e.m.c.i.embedder.EclipseLogger - Using platform encoding (UTF-8 actually) to copy filtered resources, i.e. build is platform dependent!
2016-10-30 23:30:05,404 [Worker-16] INFO  o.e.m.c.i.embedder.EclipseLogger - skip non existing resourceDirectory /Users/sherlyntoh/Desktop/MongoDB/master/mongodb/src/test/resources
2016-10-30 23:30:08,649 [Worker-17] WARN  o.e.m.c.i.embedder.EclipseLogger - Using platform encoding (UTF-8 actually) to copy filtered resources, i.e. build is platform dependent!
2016-10-30 23:30:08,650 [Worker-17] INFO  o.e.m.c.i.embedder.EclipseLogger - skip non existing resourceDirectory /Users/sherlyntoh/Desktop/MongoDB/master/mongodb/src/main/resources
2016-10-30 23:30:08,654 [Worker-17] WARN  o.e.m.c.i.embedder.EclipseLogger - Using platform encoding (UTF-8 actually) to copy filtered resources, i.e. build is platform dependent!
2016-10-30 23:30:08,654 [Worker-17] INFO  o.e.m.c.i.embedder.EclipseLogger - skip non existing resourceDirectory /Users/sherlyntoh/Desktop/MongoDB/master/mongodb/src/test/resources
2016-10-30 23:32:19,094 [Worker-17] WARN  o.e.m.c.i.embedder.EclipseLogger - Using platform encoding (UTF-8 actually) to copy filtered resources, i.e. build is platform dependent!
2016-10-30 23:32:19,095 [Worker-17] INFO  o.e.m.c.i.embedder.EclipseLogger - skip non existing resourceDirectory /Users/sherlyntoh/Desktop/MongoDB/master/mongodb/src/main/resources
2016-10-30 23:32:19,097 [Worker-17] WARN  o.e.m.c.i.embedder.EclipseLogger - Using platform encoding (UTF-8 actually) to copy filtered resources, i.e. build is platform dependent!
2016-10-30 23:32:19,098 [Worker-17] INFO  o.e.m.c.i.embedder.EclipseLogger - skip non existing resourceDirectory /Users/sherlyntoh/Desktop/MongoDB/master/mongodb/src/test/resources
2016-10-30 23:32:58,453 [Worker-19] WARN  o.e.m.c.i.embedder.EclipseLogger - Using platform encoding (UTF-8 actually) to copy filtered resources, i.e. build is platform dependent!
2016-10-30 23:32:58,454 [Worker-19] INFO  o.e.m.c.i.embedder.EclipseLogger - skip non existing resourceDirectory /Users/sherlyntoh/Desktop/MongoDB/master/mongodb/src/main/resources
2016-10-30 23:32:58,455 [Worker-19] WARN  o.e.m.c.i.embedder.EclipseLogger - Using platform encoding (UTF-8 actually) to copy filtered resources, i.e. build is platform dependent!
2016-10-30 23:32:58,456 [Worker-19] INFO  o.e.m.c.i.embedder.EclipseLogger - skip non existing resourceDirectory /Users/sherlyntoh/Desktop/MongoDB/master/mongodb/src/test/resources
2016-10-30 23:33:58,550 [Worker-14] WARN  o.e.m.c.i.embedder.EclipseLogger - Using platform encoding (UTF-8 actually) to copy filtered resources, i.e. build is platform dependent!
2016-10-30 23:33:58,550 [Worker-14] INFO  o.e.m.c.i.embedder.EclipseLogger - skip non existing resourceDirectory /Users/sherlyntoh/Desktop/MongoDB/master/mongodb/src/main/resources
2016-10-30 23:33:58,552 [Worker-14] WARN  o.e.m.c.i.embedder.EclipseLogger - Using platform encoding (UTF-8 actually) to copy filtered resources, i.e. build is platform dependent!
2016-10-30 23:33:58,553 [Worker-14] INFO  o.e.m.c.i.embedder.EclipseLogger - skip non existing resourceDirectory /Users/sherlyntoh/Desktop/MongoDB/master/mongodb/src/test/resources
2016-10-30 23:34:38,144 [Worker-11] WARN  o.e.m.c.i.embedder.EclipseLogger - Using platform encoding (UTF-8 actually) to copy filtered resources, i.e. build is platform dependent!
2016-10-30 23:34:38,145 [Worker-11] INFO  o.e.m.c.i.embedder.EclipseLogger - skip non existing resourceDirectory /Users/sherlyntoh/Desktop/MongoDB/master/mongodb/src/main/resources
2016-10-30 23:34:38,146 [Worker-11] WARN  o.e.m.c.i.embedder.EclipseLogger - Using platform encoding (UTF-8 actually) to copy filtered resources, i.e. build is platform dependent!
2016-10-30 23:34:38,147 [Worker-11] INFO  o.e.m.c.i.embedder.EclipseLogger - skip non existing resourceDirectory /Users/sherlyntoh/Desktop/MongoDB/master/mongodb/src/test/resources
2016-10-30 23:35:03,731 [Worker-19] WARN  o.e.m.c.i.embedder.EclipseLogger - Using platform encoding (UTF-8 actually) to copy filtered resources, i.e. build is platform dependent!
2016-10-30 23:35:03,732 [Worker-19] INFO  o.e.m.c.i.embedder.EclipseLogger - skip non existing resourceDirectory /Users/sherlyntoh/Desktop/MongoDB/master/mongodb/src/main/resources
2016-10-30 23:35:03,734 [Worker-19] WARN  o.e.m.c.i.embedder.EclipseLogger - Using platform encoding (UTF-8 actually) to copy filtered resources, i.e. build is platform dependent!
2016-10-30 23:35:03,734 [Worker-19] INFO  o.e.m.c.i.embedder.EclipseLogger - skip non existing resourceDirectory /Users/sherlyntoh/Desktop/MongoDB/master/mongodb/src/test/resources
2016-10-30 23:35:13,838 [Worker-15] WARN  o.e.m.c.i.embedder.EclipseLogger - Using platform encoding (UTF-8 actually) to copy filtered resources, i.e. build is platform dependent!
2016-10-30 23:35:13,838 [Worker-15] INFO  o.e.m.c.i.embedder.EclipseLogger - skip non existing resourceDirectory /Users/sherlyntoh/Desktop/MongoDB/master/mongodb/src/main/resources
2016-10-30 23:35:13,840 [Worker-15] WARN  o.e.m.c.i.embedder.EclipseLogger - Using platform encoding (UTF-8 actually) to copy filtered resources, i.e. build is platform dependent!
2016-10-30 23:35:13,842 [Worker-15] INFO  o.e.m.c.i.embedder.EclipseLogger - skip non existing resourceDirectory /Users/sherlyntoh/Desktop/MongoDB/master/mongodb/src/test/resources
2016-10-30 23:36:49,989 [Worker-19] WARN  o.e.m.c.i.embedder.EclipseLogger - Using platform encoding (UTF-8 actually) to copy filtered resources, i.e. build is platform dependent!
2016-10-30 23:36:49,990 [Worker-19] INFO  o.e.m.c.i.embedder.EclipseLogger - skip non existing resourceDirectory /Users/sherlyntoh/Desktop/MongoDB/master/mongodb/src/main/resources
2016-10-30 23:36:49,991 [Worker-19] WARN  o.e.m.c.i.embedder.EclipseLogger - Using platform encoding (UTF-8 actually) to copy filtered resources, i.e. build is platform dependent!
2016-10-30 23:36:49,992 [Worker-19] INFO  o.e.m.c.i.embedder.EclipseLogger - skip non existing resourceDirectory /Users/sherlyntoh/Desktop/MongoDB/master/mongodb/src/test/resources
2016-10-30 23:37:24,630 [Worker-18] WARN  o.e.m.c.i.embedder.EclipseLogger - Using platform encoding (UTF-8 actually) to copy filtered resources, i.e. build is platform dependent!
2016-10-30 23:37:24,632 [Worker-18] INFO  o.e.m.c.i.embedder.EclipseLogger - skip non existing resourceDirectory /Users/sherlyntoh/Desktop/MongoDB/master/mongodb/src/main/resources
2016-10-30 23:37:24,634 [Worker-18] WARN  o.e.m.c.i.embedder.EclipseLogger - Using platform encoding (UTF-8 actually) to copy filtered resources, i.e. build is platform dependent!
2016-10-30 23:37:24,635 [Worker-18] INFO  o.e.m.c.i.embedder.EclipseLogger - skip non existing resourceDirectory /Users/sherlyntoh/Desktop/MongoDB/master/mongodb/src/test/resources
2016-10-30 23:37:57,524 [Worker-18] WARN  o.e.m.c.i.embedder.EclipseLogger - Using platform encoding (UTF-8 actually) to copy filtered resources, i.e. build is platform dependent!
2016-10-30 23:37:57,526 [Worker-18] INFO  o.e.m.c.i.embedder.EclipseLogger - skip non existing resourceDirectory /Users/sherlyntoh/Desktop/MongoDB/master/mongodb/src/main/resources
2016-10-30 23:37:57,528 [Worker-18] WARN  o.e.m.c.i.embedder.EclipseLogger - Using platform encoding (UTF-8 actually) to copy filtered resources, i.e. build is platform dependent!
2016-10-30 23:37:57,528 [Worker-18] INFO  o.e.m.c.i.embedder.EclipseLogger - skip non existing resourceDirectory /Users/sherlyntoh/Desktop/MongoDB/master/mongodb/src/test/resources
2016-10-30 23:38:03,117 [Worker-15] WARN  o.e.m.c.i.embedder.EclipseLogger - Using platform encoding (UTF-8 actually) to copy filtered resources, i.e. build is platform dependent!
2016-10-30 23:38:03,118 [Worker-15] INFO  o.e.m.c.i.embedder.EclipseLogger - skip non existing resourceDirectory /Users/sherlyntoh/Desktop/MongoDB/master/mongodb/src/main/resources
2016-10-30 23:38:03,121 [Worker-15] WARN  o.e.m.c.i.embedder.EclipseLogger - Using platform encoding (UTF-8 actually) to copy filtered resources, i.e. build is platform dependent!
2016-10-30 23:38:03,122 [Worker-15] INFO  o.e.m.c.i.embedder.EclipseLogger - skip non existing resourceDirectory /Users/sherlyntoh/Desktop/MongoDB/master/mongodb/src/test/resources
2016-10-30 23:38:06,889 [Worker-11] WARN  o.e.m.c.i.embedder.EclipseLogger - Using platform encoding (UTF-8 actually) to copy filtered resources, i.e. build is platform dependent!
2016-10-30 23:38:06,890 [Worker-11] INFO  o.e.m.c.i.embedder.EclipseLogger - skip non existing resourceDirectory /Users/sherlyntoh/Desktop/MongoDB/master/mongodb/src/main/resources
2016-10-30 23:38:06,891 [Worker-11] WARN  o.e.m.c.i.embedder.EclipseLogger - Using platform encoding (UTF-8 actually) to copy filtered resources, i.e. build is platform dependent!
2016-10-30 23:38:06,892 [Worker-11] INFO  o.e.m.c.i.embedder.EclipseLogger - skip non existing resourceDirectory /Users/sherlyntoh/Desktop/MongoDB/master/mongodb/src/test/resources
2016-10-30 23:41:02,962 [Worker-17] WARN  o.e.m.c.i.embedder.EclipseLogger - Using platform encoding (UTF-8 actually) to copy filtered resources, i.e. build is platform dependent!
2016-10-30 23:41:02,964 [Worker-17] INFO  o.e.m.c.i.embedder.EclipseLogger - skip non existing resourceDirectory /Users/sherlyntoh/Desktop/MongoDB/master/mongodb/src/main/resources
2016-10-30 23:41:02,965 [Worker-17] WARN  o.e.m.c.i.embedder.EclipseLogger - Using platform encoding (UTF-8 actually) to copy filtered resources, i.e. build is platform dependent!
2016-10-30 23:41:02,966 [Worker-17] INFO  o.e.m.c.i.embedder.EclipseLogger - skip non existing resourceDirectory /Users/sherlyntoh/Desktop/MongoDB/master/mongodb/src/test/resources
2016-10-30 23:42:38,617 [Worker-18] WARN  o.e.m.c.i.embedder.EclipseLogger - Using platform encoding (UTF-8 actually) to copy filtered resources, i.e. build is platform dependent!
2016-10-30 23:42:38,618 [Worker-18] INFO  o.e.m.c.i.embedder.EclipseLogger - skip non existing resourceDirectory /Users/sherlyntoh/Desktop/MongoDB/master/mongodb/src/main/resources
2016-10-30 23:42:38,620 [Worker-18] WARN  o.e.m.c.i.embedder.EclipseLogger - Using platform encoding (UTF-8 actually) to copy filtered resources, i.e. build is platform dependent!
2016-10-30 23:42:38,620 [Worker-18] INFO  o.e.m.c.i.embedder.EclipseLogger - skip non existing resourceDirectory /Users/sherlyntoh/Desktop/MongoDB/master/mongodb/src/test/resources
2016-10-30 23:42:39,991 [Worker-18] WARN  o.e.m.c.i.embedder.EclipseLogger - Using platform encoding (UTF-8 actually) to copy filtered resources, i.e. build is platform dependent!
2016-10-30 23:42:39,991 [Worker-18] INFO  o.e.m.c.i.embedder.EclipseLogger - skip non existing resourceDirectory /Users/sherlyntoh/Desktop/MongoDB/master/mongodb/src/main/resources
2016-10-30 23:42:39,993 [Worker-18] WARN  o.e.m.c.i.embedder.EclipseLogger - Using platform encoding (UTF-8 actually) to copy filtered resources, i.e. build is platform dependent!
2016-10-30 23:42:39,994 [Worker-18] INFO  o.e.m.c.i.embedder.EclipseLogger - skip non existing resourceDirectory /Users/sherlyntoh/Desktop/MongoDB/master/mongodb/src/test/resources
2016-10-30 23:46:05,502 [Worker-11] WARN  o.e.m.c.i.embedder.EclipseLogger - Using platform encoding (UTF-8 actually) to copy filtered resources, i.e. build is platform dependent!
2016-10-30 23:46:05,503 [Worker-11] INFO  o.e.m.c.i.embedder.EclipseLogger - skip non existing resourceDirectory /Users/sherlyntoh/Desktop/MongoDB/master/mongodb/src/main/resources
2016-10-30 23:46:05,505 [Worker-11] WARN  o.e.m.c.i.embedder.EclipseLogger - Using platform encoding (UTF-8 actually) to copy filtered resources, i.e. build is platform dependent!
2016-10-30 23:46:05,506 [Worker-11] INFO  o.e.m.c.i.embedder.EclipseLogger - skip non existing resourceDirectory /Users/sherlyntoh/Desktop/MongoDB/master/mongodb/src/test/resources
2016-10-30 23:46:19,555 [Worker-20] WARN  o.e.m.c.i.embedder.EclipseLogger - Using platform encoding (UTF-8 actually) to copy filtered resources, i.e. build is platform dependent!
2016-10-30 23:46:19,556 [Worker-20] INFO  o.e.m.c.i.embedder.EclipseLogger - skip non existing resourceDirectory /Users/sherlyntoh/Desktop/MongoDB/master/mongodb/src/main/resources
2016-10-30 23:46:19,557 [Worker-20] WARN  o.e.m.c.i.embedder.EclipseLogger - Using platform encoding (UTF-8 actually) to copy filtered resources, i.e. build is platform dependent!
2016-10-30 23:46:19,558 [Worker-20] INFO  o.e.m.c.i.embedder.EclipseLogger - skip non existing resourceDirectory /Users/sherlyntoh/Desktop/MongoDB/master/mongodb/src/test/resources
2016-10-30 23:47:44,260 [Worker-11] WARN  o.e.m.c.i.embedder.EclipseLogger - Using platform encoding (UTF-8 actually) to copy filtered resources, i.e. build is platform dependent!
2016-10-30 23:47:44,261 [Worker-11] INFO  o.e.m.c.i.embedder.EclipseLogger - skip non existing resourceDirectory /Users/sherlyntoh/Desktop/MongoDB/master/mongodb/src/main/resources
2016-10-30 23:47:44,263 [Worker-11] WARN  o.e.m.c.i.embedder.EclipseLogger - Using platform encoding (UTF-8 actually) to copy filtered resources, i.e. build is platform dependent!
2016-10-30 23:47:44,263 [Worker-11] INFO  o.e.m.c.i.embedder.EclipseLogger - skip non existing resourceDirectory /Users/sherlyntoh/Desktop/MongoDB/master/mongodb/src/test/resources
2016-10-30 23:48:49,868 [Worker-11] WARN  o.e.m.c.i.embedder.EclipseLogger - Using platform encoding (UTF-8 actually) to copy filtered resources, i.e. build is platform dependent!
2016-10-30 23:48:49,869 [Worker-11] INFO  o.e.m.c.i.embedder.EclipseLogger - skip non existing resourceDirectory /Users/sherlyntoh/Desktop/MongoDB/master/mongodb/src/main/resources
2016-10-30 23:48:49,871 [Worker-11] WARN  o.e.m.c.i.embedder.EclipseLogger - Using platform encoding (UTF-8 actually) to copy filtered resources, i.e. build is platform dependent!
2016-10-30 23:48:49,871 [Worker-11] INFO  o.e.m.c.i.embedder.EclipseLogger - skip non existing resourceDirectory /Users/sherlyntoh/Desktop/MongoDB/master/mongodb/src/test/resources
2016-10-30 23:51:36,332 [Worker-23] WARN  o.e.m.c.i.embedder.EclipseLogger - Using platform encoding (UTF-8 actually) to copy filtered resources, i.e. build is platform dependent!
2016-10-30 23:51:36,337 [Worker-23] INFO  o.e.m.c.i.embedder.EclipseLogger - skip non existing resourceDirectory /Users/sherlyntoh/Desktop/MongoDB/master/mongodb/src/main/resources
2016-10-30 23:51:36,339 [Worker-23] WARN  o.e.m.c.i.embedder.EclipseLogger - Using platform encoding (UTF-8 actually) to copy filtered resources, i.e. build is platform dependent!
2016-10-30 23:51:36,344 [Worker-23] INFO  o.e.m.c.i.embedder.EclipseLogger - skip non existing resourceDirectory /Users/sherlyntoh/Desktop/MongoDB/master/mongodb/src/test/resources
2016-10-30 23:55:20,748 [Worker-24] WARN  o.e.m.c.i.embedder.EclipseLogger - Using platform encoding (UTF-8 actually) to copy filtered resources, i.e. build is platform dependent!
2016-10-30 23:55:20,755 [Worker-24] INFO  o.e.m.c.i.embedder.EclipseLogger - skip non existing resourceDirectory /Users/sherlyntoh/Desktop/MongoDB/master/mongodb/src/main/resources
2016-10-30 23:55:20,757 [Worker-24] WARN  o.e.m.c.i.embedder.EclipseLogger - Using platform encoding (UTF-8 actually) to copy filtered resources, i.e. build is platform dependent!
2016-10-30 23:55:20,758 [Worker-24] INFO  o.e.m.c.i.embedder.EclipseLogger - skip non existing resourceDirectory /Users/sherlyntoh/Desktop/MongoDB/master/mongodb/src/test/resources
2016-10-31 00:08:40,618 [Worker-31] WARN  o.e.m.c.i.embedder.EclipseLogger - Using platform encoding (UTF-8 actually) to copy filtered resources, i.e. build is platform dependent!
2016-10-31 00:08:40,622 [Worker-31] INFO  o.e.m.c.i.embedder.EclipseLogger - skip non existing resourceDirectory /Users/sherlyntoh/Desktop/MongoDB/master/mongodb/src/main/resources
2016-10-31 00:08:40,624 [Worker-31] WARN  o.e.m.c.i.embedder.EclipseLogger - Using platform encoding (UTF-8 actually) to copy filtered resources, i.e. build is platform dependent!
2016-10-31 00:08:40,625 [Worker-31] INFO  o.e.m.c.i.embedder.EclipseLogger - skip non existing resourceDirectory /Users/sherlyntoh/Desktop/MongoDB/master/mongodb/src/test/resources
2016-10-31 00:09:17,385 [Worker-31] WARN  o.e.m.c.i.embedder.EclipseLogger - Using platform encoding (UTF-8 actually) to copy filtered resources, i.e. build is platform dependent!
2016-10-31 00:09:17,385 [Worker-31] INFO  o.e.m.c.i.embedder.EclipseLogger - skip non existing resourceDirectory /Users/sherlyntoh/Desktop/MongoDB/master/mongodb/src/main/resources
2016-10-31 00:09:17,388 [Worker-31] WARN  o.e.m.c.i.embedder.EclipseLogger - Using platform encoding (UTF-8 actually) to copy filtered resources, i.e. build is platform dependent!
2016-10-31 00:09:17,389 [Worker-31] INFO  o.e.m.c.i.embedder.EclipseLogger - skip non existing resourceDirectory /Users/sherlyntoh/Desktop/MongoDB/master/mongodb/src/test/resources
2016-10-31 00:12:57,091 [Worker-30] WARN  o.e.m.c.i.embedder.EclipseLogger - Using platform encoding (UTF-8 actually) to copy filtered resources, i.e. build is platform dependent!
2016-10-31 00:12:57,095 [Worker-30] INFO  o.e.m.c.i.embedder.EclipseLogger - skip non existing resourceDirectory /Users/sherlyntoh/Desktop/MongoDB/master/mongodb/src/main/resources
2016-10-31 00:12:57,097 [Worker-30] WARN  o.e.m.c.i.embedder.EclipseLogger - Using platform encoding (UTF-8 actually) to copy filtered resources, i.e. build is platform dependent!
2016-10-31 00:12:57,098 [Worker-30] INFO  o.e.m.c.i.embedder.EclipseLogger - skip non existing resourceDirectory /Users/sherlyntoh/Desktop/MongoDB/master/mongodb/src/test/resources
2016-10-31 00:13:28,353 [Worker-24] WARN  o.e.m.c.i.embedder.EclipseLogger - Using platform encoding (UTF-8 actually) to copy filtered resources, i.e. build is platform dependent!
2016-10-31 00:13:28,354 [Worker-24] INFO  o.e.m.c.i.embedder.EclipseLogger - skip non existing resourceDirectory /Users/sherlyntoh/Desktop/MongoDB/master/mongodb/src/main/resources
2016-10-31 00:13:28,355 [Worker-24] WARN  o.e.m.c.i.embedder.EclipseLogger - Using platform encoding (UTF-8 actually) to copy filtered resources, i.e. build is platform dependent!
2016-10-31 00:13:28,356 [Worker-24] INFO  o.e.m.c.i.embedder.EclipseLogger - skip non existing resourceDirectory /Users/sherlyntoh/Desktop/MongoDB/master/mongodb/src/test/resources
2016-10-31 00:14:37,404 [Worker-33] WARN  o.e.m.c.i.embedder.EclipseLogger - Using platform encoding (UTF-8 actually) to copy filtered resources, i.e. build is platform dependent!
2016-10-31 00:14:37,405 [Worker-33] INFO  o.e.m.c.i.embedder.EclipseLogger - skip non existing resourceDirectory /Users/sherlyntoh/Desktop/MongoDB/master/mongodb/src/main/resources
2016-10-31 00:14:37,407 [Worker-33] WARN  o.e.m.c.i.embedder.EclipseLogger - Using platform encoding (UTF-8 actually) to copy filtered resources, i.e. build is platform dependent!
2016-10-31 00:14:37,408 [Worker-33] INFO  o.e.m.c.i.embedder.EclipseLogger - skip non existing resourceDirectory /Users/sherlyntoh/Desktop/MongoDB/master/mongodb/src/test/resources
2016-10-31 00:15:24,122 [Worker-30] WARN  o.e.m.c.i.embedder.EclipseLogger - Using platform encoding (UTF-8 actually) to copy filtered resources, i.e. build is platform dependent!
2016-10-31 00:15:24,124 [Worker-30] INFO  o.e.m.c.i.embedder.EclipseLogger - skip non existing resourceDirectory /Users/sherlyntoh/Desktop/MongoDB/master/mongodb/src/main/resources
2016-10-31 00:15:24,126 [Worker-30] WARN  o.e.m.c.i.embedder.EclipseLogger - Using platform encoding (UTF-8 actually) to copy filtered resources, i.e. build is platform dependent!
2016-10-31 00:15:24,126 [Worker-30] INFO  o.e.m.c.i.embedder.EclipseLogger - skip non existing resourceDirectory /Users/sherlyntoh/Desktop/MongoDB/master/mongodb/src/test/resources
2016-10-31 00:19:13,513 [Worker-30] WARN  o.e.m.c.i.embedder.EclipseLogger - Using platform encoding (UTF-8 actually) to copy filtered resources, i.e. build is platform dependent!
2016-10-31 00:19:13,515 [Worker-30] INFO  o.e.m.c.i.embedder.EclipseLogger - skip non existing resourceDirectory /Users/sherlyntoh/Desktop/MongoDB/master/mongodb/src/main/resources
2016-10-31 00:19:13,517 [Worker-30] WARN  o.e.m.c.i.embedder.EclipseLogger - Using platform encoding (UTF-8 actually) to copy filtered resources, i.e. build is platform dependent!
2016-10-31 00:19:13,517 [Worker-30] INFO  o.e.m.c.i.embedder.EclipseLogger - skip non existing resourceDirectory /Users/sherlyntoh/Desktop/MongoDB/master/mongodb/src/test/resources
2016-10-31 00:20:05,516 [Worker-34] WARN  o.e.m.c.i.embedder.EclipseLogger - Using platform encoding (UTF-8 actually) to copy filtered resources, i.e. build is platform dependent!
2016-10-31 00:20:05,518 [Worker-34] INFO  o.e.m.c.i.embedder.EclipseLogger - skip non existing resourceDirectory /Users/sherlyntoh/Desktop/MongoDB/master/mongodb/src/main/resources
2016-10-31 00:20:05,519 [Worker-34] WARN  o.e.m.c.i.embedder.EclipseLogger - Using platform encoding (UTF-8 actually) to copy filtered resources, i.e. build is platform dependent!
2016-10-31 00:20:05,521 [Worker-34] INFO  o.e.m.c.i.embedder.EclipseLogger - skip non existing resourceDirectory /Users/sherlyntoh/Desktop/MongoDB/master/mongodb/src/test/resources
2016-10-31 00:20:35,127 [Worker-34] WARN  o.e.m.c.i.embedder.EclipseLogger - Using platform encoding (UTF-8 actually) to copy filtered resources, i.e. build is platform dependent!
2016-10-31 00:20:35,128 [Worker-34] INFO  o.e.m.c.i.embedder.EclipseLogger - skip non existing resourceDirectory /Users/sherlyntoh/Desktop/MongoDB/master/mongodb/src/main/resources
2016-10-31 00:20:35,133 [Worker-34] WARN  o.e.m.c.i.embedder.EclipseLogger - Using platform encoding (UTF-8 actually) to copy filtered resources, i.e. build is platform dependent!
2016-10-31 00:20:35,133 [Worker-34] INFO  o.e.m.c.i.embedder.EclipseLogger - skip non existing resourceDirectory /Users/sherlyntoh/Desktop/MongoDB/master/mongodb/src/test/resources
2016-10-31 00:23:55,144 [Worker-34] WARN  o.e.m.c.i.embedder.EclipseLogger - Using platform encoding (UTF-8 actually) to copy filtered resources, i.e. build is platform dependent!
2016-10-31 00:23:55,145 [Worker-34] INFO  o.e.m.c.i.embedder.EclipseLogger - skip non existing resourceDirectory /Users/sherlyntoh/Desktop/MongoDB/master/mongodb/src/main/resources
2016-10-31 00:23:55,146 [Worker-34] WARN  o.e.m.c.i.embedder.EclipseLogger - Using platform encoding (UTF-8 actually) to copy filtered resources, i.e. build is platform dependent!
2016-10-31 00:23:55,147 [Worker-34] INFO  o.e.m.c.i.embedder.EclipseLogger - skip non existing resourceDirectory /Users/sherlyntoh/Desktop/MongoDB/master/mongodb/src/test/resources
2016-10-31 00:24:01,983 [Worker-35] WARN  o.e.m.c.i.embedder.EclipseLogger - Using platform encoding (UTF-8 actually) to copy filtered resources, i.e. build is platform dependent!
2016-10-31 00:24:01,984 [Worker-35] INFO  o.e.m.c.i.embedder.EclipseLogger - skip non existing resourceDirectory /Users/sherlyntoh/Desktop/MongoDB/master/mongodb/src/main/resources
2016-10-31 00:24:01,990 [Worker-35] WARN  o.e.m.c.i.embedder.EclipseLogger - Using platform encoding (UTF-8 actually) to copy filtered resources, i.e. build is platform dependent!
2016-10-31 00:24:01,992 [Worker-35] INFO  o.e.m.c.i.embedder.EclipseLogger - skip non existing resourceDirectory /Users/sherlyntoh/Desktop/MongoDB/master/mongodb/src/test/resources
2016-10-31 00:24:31,018 [Worker-33] WARN  o.e.m.c.i.embedder.EclipseLogger - Using platform encoding (UTF-8 actually) to copy filtered resources, i.e. build is platform dependent!
2016-10-31 00:24:31,020 [Worker-33] INFO  o.e.m.c.i.embedder.EclipseLogger - skip non existing resourceDirectory /Users/sherlyntoh/Desktop/MongoDB/master/mongodb/src/main/resources
2016-10-31 00:24:31,021 [Worker-33] WARN  o.e.m.c.i.embedder.EclipseLogger - Using platform encoding (UTF-8 actually) to copy filtered resources, i.e. build is platform dependent!
2016-10-31 00:24:31,022 [Worker-33] INFO  o.e.m.c.i.embedder.EclipseLogger - skip non existing resourceDirectory /Users/sherlyntoh/Desktop/MongoDB/master/mongodb/src/test/resources
2016-10-31 00:25:02,537 [Worker-39] WARN  o.e.m.c.i.embedder.EclipseLogger - Using platform encoding (UTF-8 actually) to copy filtered resources, i.e. build is platform dependent!
2016-10-31 00:25:02,537 [Worker-39] INFO  o.e.m.c.i.embedder.EclipseLogger - skip non existing resourceDirectory /Users/sherlyntoh/Desktop/MongoDB/master/mongodb/src/main/resources
2016-10-31 00:25:02,538 [Worker-39] WARN  o.e.m.c.i.embedder.EclipseLogger - Using platform encoding (UTF-8 actually) to copy filtered resources, i.e. build is platform dependent!
2016-10-31 00:25:02,539 [Worker-39] INFO  o.e.m.c.i.embedder.EclipseLogger - skip non existing resourceDirectory /Users/sherlyntoh/Desktop/MongoDB/master/mongodb/src/test/resources
2016-10-31 00:25:30,551 [Worker-33] WARN  o.e.m.c.i.embedder.EclipseLogger - Using platform encoding (UTF-8 actually) to copy filtered resources, i.e. build is platform dependent!
2016-10-31 00:25:30,551 [Worker-33] INFO  o.e.m.c.i.embedder.EclipseLogger - skip non existing resourceDirectory /Users/sherlyntoh/Desktop/MongoDB/master/mongodb/src/main/resources
2016-10-31 00:25:30,553 [Worker-33] WARN  o.e.m.c.i.embedder.EclipseLogger - Using platform encoding (UTF-8 actually) to copy filtered resources, i.e. build is platform dependent!
2016-10-31 00:25:30,554 [Worker-33] INFO  o.e.m.c.i.embedder.EclipseLogger - skip non existing resourceDirectory /Users/sherlyntoh/Desktop/MongoDB/master/mongodb/src/test/resources
2016-10-31 00:25:33,876 [Worker-38] WARN  o.e.m.c.i.embedder.EclipseLogger - Using platform encoding (UTF-8 actually) to copy filtered resources, i.e. build is platform dependent!
2016-10-31 00:25:33,877 [Worker-38] INFO  o.e.m.c.i.embedder.EclipseLogger - skip non existing resourceDirectory /Users/sherlyntoh/Desktop/MongoDB/master/mongodb/src/main/resources
2016-10-31 00:25:33,878 [Worker-38] WARN  o.e.m.c.i.embedder.EclipseLogger - Using platform encoding (UTF-8 actually) to copy filtered resources, i.e. build is platform dependent!
2016-10-31 00:25:33,879 [Worker-38] INFO  o.e.m.c.i.embedder.EclipseLogger - skip non existing resourceDirectory /Users/sherlyntoh/Desktop/MongoDB/master/mongodb/src/test/resources
2016-10-31 00:25:59,607 [Worker-30] WARN  o.e.m.c.i.embedder.EclipseLogger - Using platform encoding (UTF-8 actually) to copy filtered resources, i.e. build is platform dependent!
2016-10-31 00:25:59,609 [Worker-30] INFO  o.e.m.c.i.embedder.EclipseLogger - skip non existing resourceDirectory /Users/sherlyntoh/Desktop/MongoDB/master/mongodb/src/main/resources
2016-10-31 00:25:59,611 [Worker-30] WARN  o.e.m.c.i.embedder.EclipseLogger - Using platform encoding (UTF-8 actually) to copy filtered resources, i.e. build is platform dependent!
2016-10-31 00:25:59,611 [Worker-30] INFO  o.e.m.c.i.embedder.EclipseLogger - skip non existing resourceDirectory /Users/sherlyntoh/Desktop/MongoDB/master/mongodb/src/test/resources
2016-10-31 00:28:22,162 [Worker-30] WARN  o.e.m.c.i.embedder.EclipseLogger - Using platform encoding (UTF-8 actually) to copy filtered resources, i.e. build is platform dependent!
2016-10-31 00:28:22,163 [Worker-30] INFO  o.e.m.c.i.embedder.EclipseLogger - skip non existing resourceDirectory /Users/sherlyntoh/Desktop/MongoDB/master/mongodb/src/main/resources
2016-10-31 00:28:22,165 [Worker-30] WARN  o.e.m.c.i.embedder.EclipseLogger - Using platform encoding (UTF-8 actually) to copy filtered resources, i.e. build is platform dependent!
2016-10-31 00:28:22,165 [Worker-30] INFO  o.e.m.c.i.embedder.EclipseLogger - skip non existing resourceDirectory /Users/sherlyntoh/Desktop/MongoDB/master/mongodb/src/test/resources
2016-10-31 00:32:51,660 [Worker-34] WARN  o.e.m.c.i.embedder.EclipseLogger - Using platform encoding (UTF-8 actually) to copy filtered resources, i.e. build is platform dependent!
2016-10-31 00:32:51,662 [Worker-34] INFO  o.e.m.c.i.embedder.EclipseLogger - skip non existing resourceDirectory /Users/sherlyntoh/Desktop/MongoDB/master/mongodb/src/main/resources
2016-10-31 00:32:51,663 [Worker-34] WARN  o.e.m.c.i.embedder.EclipseLogger - Using platform encoding (UTF-8 actually) to copy filtered resources, i.e. build is platform dependent!
2016-10-31 00:32:51,664 [Worker-34] INFO  o.e.m.c.i.embedder.EclipseLogger - skip non existing resourceDirectory /Users/sherlyntoh/Desktop/MongoDB/master/mongodb/src/test/resources
2016-10-31 00:48:29,259 [Worker-47] WARN  o.e.m.c.i.embedder.EclipseLogger - Using platform encoding (UTF-8 actually) to copy filtered resources, i.e. build is platform dependent!
2016-10-31 00:48:29,260 [Worker-47] INFO  o.e.m.c.i.embedder.EclipseLogger - skip non existing resourceDirectory /Users/sherlyntoh/Desktop/MongoDB/master/mongodb/src/main/resources
2016-10-31 00:48:29,262 [Worker-47] WARN  o.e.m.c.i.embedder.EclipseLogger - Using platform encoding (UTF-8 actually) to copy filtered resources, i.e. build is platform dependent!
2016-10-31 00:48:29,262 [Worker-47] INFO  o.e.m.c.i.embedder.EclipseLogger - skip non existing resourceDirectory /Users/sherlyntoh/Desktop/MongoDB/master/mongodb/src/test/resources
2016-10-31 00:54:50,757 [Worker-53] WARN  o.e.m.c.i.embedder.EclipseLogger - Using platform encoding (UTF-8 actually) to copy filtered resources, i.e. build is platform dependent!
2016-10-31 00:54:50,759 [Worker-53] INFO  o.e.m.c.i.embedder.EclipseLogger - skip non existing resourceDirectory /Users/sherlyntoh/Desktop/MongoDB/master/mongodb/src/main/resources
2016-10-31 00:54:50,761 [Worker-53] WARN  o.e.m.c.i.embedder.EclipseLogger - Using platform encoding (UTF-8 actually) to copy filtered resources, i.e. build is platform dependent!
2016-10-31 00:54:50,761 [Worker-53] INFO  o.e.m.c.i.embedder.EclipseLogger - skip non existing resourceDirectory /Users/sherlyntoh/Desktop/MongoDB/master/mongodb/src/test/resources
2016-10-31 00:54:55,922 [Worker-51] WARN  o.e.m.c.i.embedder.EclipseLogger - Using platform encoding (UTF-8 actually) to copy filtered resources, i.e. build is platform dependent!
2016-10-31 00:54:55,922 [Worker-51] INFO  o.e.m.c.i.embedder.EclipseLogger - skip non existing resourceDirectory /Users/sherlyntoh/Desktop/MongoDB/master/mongodb/src/main/resources
2016-10-31 00:54:55,923 [Worker-51] WARN  o.e.m.c.i.embedder.EclipseLogger - Using platform encoding (UTF-8 actually) to copy filtered resources, i.e. build is platform dependent!
2016-10-31 00:54:55,924 [Worker-51] INFO  o.e.m.c.i.embedder.EclipseLogger - skip non existing resourceDirectory /Users/sherlyntoh/Desktop/MongoDB/master/mongodb/src/test/resources
2016-10-31 01:09:36,462 [Worker-47] WARN  o.e.m.c.i.embedder.EclipseLogger - Using platform encoding (UTF-8 actually) to copy filtered resources, i.e. build is platform dependent!
2016-10-31 01:09:36,464 [Worker-47] INFO  o.e.m.c.i.embedder.EclipseLogger - skip non existing resourceDirectory /Users/sherlyntoh/Desktop/MongoDB/master/mongodb/src/main/resources
2016-10-31 01:09:36,467 [Worker-47] WARN  o.e.m.c.i.embedder.EclipseLogger - Using platform encoding (UTF-8 actually) to copy filtered resources, i.e. build is platform dependent!
2016-10-31 01:09:36,468 [Worker-47] INFO  o.e.m.c.i.embedder.EclipseLogger - skip non existing resourceDirectory /Users/sherlyntoh/Desktop/MongoDB/master/mongodb/src/test/resources
2016-10-31 01:29:16,105 [Worker-47] WARN  o.e.m.c.i.embedder.EclipseLogger - Using platform encoding (UTF-8 actually) to copy filtered resources, i.e. build is platform dependent!
2016-10-31 01:29:16,112 [Worker-47] INFO  o.e.m.c.i.embedder.EclipseLogger - skip non existing resourceDirectory /Users/sherlyntoh/Desktop/MongoDB/master/mongodb/src/main/resources
2016-10-31 01:29:16,114 [Worker-47] WARN  o.e.m.c.i.embedder.EclipseLogger - Using platform encoding (UTF-8 actually) to copy filtered resources, i.e. build is platform dependent!
2016-10-31 01:29:16,116 [Worker-47] INFO  o.e.m.c.i.embedder.EclipseLogger - skip non existing resourceDirectory /Users/sherlyntoh/Desktop/MongoDB/master/mongodb/src/test/resources
2016-10-31 01:35:30,414 [Worker-47] WARN  o.e.m.c.i.embedder.EclipseLogger - Using platform encoding (UTF-8 actually) to copy filtered resources, i.e. build is platform dependent!
2016-10-31 01:35:30,424 [Worker-47] INFO  o.e.m.c.i.embedder.EclipseLogger - skip non existing resourceDirectory /Users/sherlyntoh/Desktop/MongoDB/master/mongodb/src/main/resources
2016-10-31 01:35:30,426 [Worker-47] WARN  o.e.m.c.i.embedder.EclipseLogger - Using platform encoding (UTF-8 actually) to copy filtered resources, i.e. build is platform dependent!
2016-10-31 01:35:30,430 [Worker-47] INFO  o.e.m.c.i.embedder.EclipseLogger - skip non existing resourceDirectory /Users/sherlyntoh/Desktop/MongoDB/master/mongodb/src/test/resources
2016-10-31 01:38:10,022 [Worker-64] WARN  o.e.m.c.i.embedder.EclipseLogger - Using platform encoding (UTF-8 actually) to copy filtered resources, i.e. build is platform dependent!
2016-10-31 01:38:10,024 [Worker-64] INFO  o.e.m.c.i.embedder.EclipseLogger - skip non existing resourceDirectory /Users/sherlyntoh/Desktop/MongoDB/master/mongodb/src/main/resources
2016-10-31 01:38:10,048 [Worker-64] WARN  o.e.m.c.i.embedder.EclipseLogger - Using platform encoding (UTF-8 actually) to copy filtered resources, i.e. build is platform dependent!
2016-10-31 01:38:10,049 [Worker-64] INFO  o.e.m.c.i.embedder.EclipseLogger - skip non existing resourceDirectory /Users/sherlyntoh/Desktop/MongoDB/master/mongodb/src/test/resources
2016-10-31 01:40:58,440 [Worker-59] WARN  o.e.m.c.i.embedder.EclipseLogger - Using platform encoding (UTF-8 actually) to copy filtered resources, i.e. build is platform dependent!
2016-10-31 01:40:58,443 [Worker-59] INFO  o.e.m.c.i.embedder.EclipseLogger - skip non existing resourceDirectory /Users/sherlyntoh/Desktop/MongoDB/master/mongodb/src/main/resources
2016-10-31 01:40:58,445 [Worker-59] WARN  o.e.m.c.i.embedder.EclipseLogger - Using platform encoding (UTF-8 actually) to copy filtered resources, i.e. build is platform dependent!
2016-10-31 01:40:58,446 [Worker-59] INFO  o.e.m.c.i.embedder.EclipseLogger - skip non existing resourceDirectory /Users/sherlyntoh/Desktop/MongoDB/master/mongodb/src/test/resources
2016-10-31 01:45:40,456 [Worker-63] WARN  o.e.m.c.i.embedder.EclipseLogger - Using platform encoding (UTF-8 actually) to copy filtered resources, i.e. build is platform dependent!
2016-10-31 01:45:40,458 [Worker-63] INFO  o.e.m.c.i.embedder.EclipseLogger - skip non existing resourceDirectory /Users/sherlyntoh/Desktop/MongoDB/master/mongodb/src/main/resources
2016-10-31 01:45:40,460 [Worker-63] WARN  o.e.m.c.i.embedder.EclipseLogger - Using platform encoding (UTF-8 actually) to copy filtered resources, i.e. build is platform dependent!
2016-10-31 01:45:40,461 [Worker-63] INFO  o.e.m.c.i.embedder.EclipseLogger - skip non existing resourceDirectory /Users/sherlyntoh/Desktop/MongoDB/master/mongodb/src/test/resources
2016-10-31 01:45:42,668 [Worker-63] WARN  o.e.m.c.i.embedder.EclipseLogger - Using platform encoding (UTF-8 actually) to copy filtered resources, i.e. build is platform dependent!
2016-10-31 01:45:42,669 [Worker-63] INFO  o.e.m.c.i.embedder.EclipseLogger - skip non existing resourceDirectory /Users/sherlyntoh/Desktop/MongoDB/master/mongodb/src/main/resources
2016-10-31 01:45:42,672 [Worker-63] WARN  o.e.m.c.i.embedder.EclipseLogger - Using platform encoding (UTF-8 actually) to copy filtered resources, i.e. build is platform dependent!
2016-10-31 01:45:42,673 [Worker-63] INFO  o.e.m.c.i.embedder.EclipseLogger - skip non existing resourceDirectory /Users/sherlyntoh/Desktop/MongoDB/master/mongodb/src/test/resources
2016-10-31 01:46:29,877 [Worker-61] WARN  o.e.m.c.i.embedder.EclipseLogger - Using platform encoding (UTF-8 actually) to copy filtered resources, i.e. build is platform dependent!
2016-10-31 01:46:29,879 [Worker-61] INFO  o.e.m.c.i.embedder.EclipseLogger - skip non existing resourceDirectory /Users/sherlyntoh/Desktop/MongoDB/master/mongodb/src/main/resources
2016-10-31 01:46:29,881 [Worker-61] WARN  o.e.m.c.i.embedder.EclipseLogger - Using platform encoding (UTF-8 actually) to copy filtered resources, i.e. build is platform dependent!
2016-10-31 01:46:29,882 [Worker-61] INFO  o.e.m.c.i.embedder.EclipseLogger - skip non existing resourceDirectory /Users/sherlyntoh/Desktop/MongoDB/master/mongodb/src/test/resources
2016-10-31 01:46:51,789 [Worker-64] WARN  o.e.m.c.i.embedder.EclipseLogger - Using platform encoding (UTF-8 actually) to copy filtered resources, i.e. build is platform dependent!
2016-10-31 01:46:51,790 [Worker-64] INFO  o.e.m.c.i.embedder.EclipseLogger - skip non existing resourceDirectory /Users/sherlyntoh/Desktop/MongoDB/master/mongodb/src/main/resources
2016-10-31 01:46:51,795 [Worker-64] WARN  o.e.m.c.i.embedder.EclipseLogger - Using platform encoding (UTF-8 actually) to copy filtered resources, i.e. build is platform dependent!
2016-10-31 01:46:51,795 [Worker-64] INFO  o.e.m.c.i.embedder.EclipseLogger - skip non existing resourceDirectory /Users/sherlyntoh/Desktop/MongoDB/master/mongodb/src/test/resources
2016-10-31 01:47:16,667 [Worker-63] WARN  o.e.m.c.i.embedder.EclipseLogger - Using platform encoding (UTF-8 actually) to copy filtered resources, i.e. build is platform dependent!
2016-10-31 01:47:16,667 [Worker-63] INFO  o.e.m.c.i.embedder.EclipseLogger - skip non existing resourceDirectory /Users/sherlyntoh/Desktop/MongoDB/master/mongodb/src/main/resources
2016-10-31 01:47:16,669 [Worker-63] WARN  o.e.m.c.i.embedder.EclipseLogger - Using platform encoding (UTF-8 actually) to copy filtered resources, i.e. build is platform dependent!
2016-10-31 01:47:16,669 [Worker-63] INFO  o.e.m.c.i.embedder.EclipseLogger - skip non existing resourceDirectory /Users/sherlyntoh/Desktop/MongoDB/master/mongodb/src/test/resources
2016-10-31 01:47:35,092 [Worker-61] WARN  o.e.m.c.i.embedder.EclipseLogger - Using platform encoding (UTF-8 actually) to copy filtered resources, i.e. build is platform dependent!
2016-10-31 01:47:35,093 [Worker-61] INFO  o.e.m.c.i.embedder.EclipseLogger - skip non existing resourceDirectory /Users/sherlyntoh/Desktop/MongoDB/master/mongodb/src/main/resources
2016-10-31 01:47:35,100 [Worker-61] WARN  o.e.m.c.i.embedder.EclipseLogger - Using platform encoding (UTF-8 actually) to copy filtered resources, i.e. build is platform dependent!
2016-10-31 01:47:35,101 [Worker-61] INFO  o.e.m.c.i.embedder.EclipseLogger - skip non existing resourceDirectory /Users/sherlyntoh/Desktop/MongoDB/master/mongodb/src/test/resources
2016-10-31 01:48:09,015 [Worker-65] WARN  o.e.m.c.i.embedder.EclipseLogger - Using platform encoding (UTF-8 actually) to copy filtered resources, i.e. build is platform dependent!
2016-10-31 01:48:09,016 [Worker-65] INFO  o.e.m.c.i.embedder.EclipseLogger - skip non existing resourceDirectory /Users/sherlyntoh/Desktop/MongoDB/master/mongodb/src/main/resources
2016-10-31 01:48:09,017 [Worker-65] WARN  o.e.m.c.i.embedder.EclipseLogger - Using platform encoding (UTF-8 actually) to copy filtered resources, i.e. build is platform dependent!
2016-10-31 01:48:09,018 [Worker-65] INFO  o.e.m.c.i.embedder.EclipseLogger - skip non existing resourceDirectory /Users/sherlyntoh/Desktop/MongoDB/master/mongodb/src/test/resources
2016-10-31 01:49:13,614 [Worker-65] WARN  o.e.m.c.i.embedder.EclipseLogger - Using platform encoding (UTF-8 actually) to copy filtered resources, i.e. build is platform dependent!
2016-10-31 01:49:13,616 [Worker-65] INFO  o.e.m.c.i.embedder.EclipseLogger - skip non existing resourceDirectory /Users/sherlyntoh/Desktop/MongoDB/master/mongodb/src/main/resources
2016-10-31 01:49:13,617 [Worker-65] WARN  o.e.m.c.i.embedder.EclipseLogger - Using platform encoding (UTF-8 actually) to copy filtered resources, i.e. build is platform dependent!
2016-10-31 01:49:13,618 [Worker-65] INFO  o.e.m.c.i.embedder.EclipseLogger - skip non existing resourceDirectory /Users/sherlyntoh/Desktop/MongoDB/master/mongodb/src/test/resources
2016-10-31 01:49:40,994 [Worker-47] WARN  o.e.m.c.i.embedder.EclipseLogger - Using platform encoding (UTF-8 actually) to copy filtered resources, i.e. build is platform dependent!
2016-10-31 01:49:40,995 [Worker-47] INFO  o.e.m.c.i.embedder.EclipseLogger - skip non existing resourceDirectory /Users/sherlyntoh/Desktop/MongoDB/master/mongodb/src/main/resources
2016-10-31 01:49:40,996 [Worker-47] WARN  o.e.m.c.i.embedder.EclipseLogger - Using platform encoding (UTF-8 actually) to copy filtered resources, i.e. build is platform dependent!
2016-10-31 01:49:40,997 [Worker-47] INFO  o.e.m.c.i.embedder.EclipseLogger - skip non existing resourceDirectory /Users/sherlyntoh/Desktop/MongoDB/master/mongodb/src/test/resources
2016-10-31 01:49:53,977 [Worker-61] WARN  o.e.m.c.i.embedder.EclipseLogger - Using platform encoding (UTF-8 actually) to copy filtered resources, i.e. build is platform dependent!
2016-10-31 01:49:53,979 [Worker-61] INFO  o.e.m.c.i.embedder.EclipseLogger - skip non existing resourceDirectory /Users/sherlyntoh/Desktop/MongoDB/master/mongodb/src/main/resources
2016-10-31 01:49:53,981 [Worker-61] WARN  o.e.m.c.i.embedder.EclipseLogger - Using platform encoding (UTF-8 actually) to copy filtered resources, i.e. build is platform dependent!
2016-10-31 01:49:53,981 [Worker-61] INFO  o.e.m.c.i.embedder.EclipseLogger - skip non existing resourceDirectory /Users/sherlyntoh/Desktop/MongoDB/master/mongodb/src/test/resources
2016-10-31 01:51:32,007 [Worker-64] WARN  o.e.m.c.i.embedder.EclipseLogger - Using platform encoding (UTF-8 actually) to copy filtered resources, i.e. build is platform dependent!
2016-10-31 01:51:32,009 [Worker-64] INFO  o.e.m.c.i.embedder.EclipseLogger - skip non existing resourceDirectory /Users/sherlyntoh/Desktop/MongoDB/master/mongodb/src/main/resources
2016-10-31 01:51:32,011 [Worker-64] WARN  o.e.m.c.i.embedder.EclipseLogger - Using platform encoding (UTF-8 actually) to copy filtered resources, i.e. build is platform dependent!
2016-10-31 01:51:32,011 [Worker-64] INFO  o.e.m.c.i.embedder.EclipseLogger - skip non existing resourceDirectory /Users/sherlyntoh/Desktop/MongoDB/master/mongodb/src/test/resources
2016-10-31 01:57:51,587 [Worker-59] WARN  o.e.m.c.i.embedder.EclipseLogger - Using platform encoding (UTF-8 actually) to copy filtered resources, i.e. build is platform dependent!
2016-10-31 01:57:51,589 [Worker-59] INFO  o.e.m.c.i.embedder.EclipseLogger - skip non existing resourceDirectory /Users/sherlyntoh/Desktop/MongoDB/master/mongodb/src/main/resources
2016-10-31 01:57:51,592 [Worker-59] WARN  o.e.m.c.i.embedder.EclipseLogger - Using platform encoding (UTF-8 actually) to copy filtered resources, i.e. build is platform dependent!
2016-10-31 01:57:51,593 [Worker-59] INFO  o.e.m.c.i.embedder.EclipseLogger - skip non existing resourceDirectory /Users/sherlyntoh/Desktop/MongoDB/master/mongodb/src/test/resources
